Sections:
00: "seg10000" (10000-1004E)


Source: "sample.asm"
                            	     1: ; ***********************************************************************************************************
                            	     2: ;
                            	     3: ; 										Simple assembly program.
                            	     4: ;
                            	     5: ;		Originally written by pweingar
                            	     6: ;		Extended by Paul Robson
                            	     7: ;
                            	     8: ; ***********************************************************************************************************
                            	     9: ;
                            	    10: ;	To run me, make asample or f68.exe asample\sample.a68 and run with F5, press F1 when the command line appears
                            	    11: ;
                            	    12: 
                            	    13: 				org 	$10000
                            	    14: 
                            	    15: vicky3 = $FEC80000
                            	    16: 
                            	    17: start:          									; start tells us where to run from, because of -exec=start in the command line.
                            	    18: 				;
                            	    19: 				; 		Write Hello world using the O/S
                            	    20: 				;
00:00010000 7013            	    21: 				move.l #$13,d0                      ; sys_chan_write command #
00:00010002 7200            	    22:                 clr.l d1                            ; Channel #0 (the display)
00:00010004 243C00010040    	    23:                 move.l #greet,d2                    ; Pointer to message
00:0001000A 760E            	    24:                 move.l #greet_end-greet+1,d3        ; Length of message
00:0001000C 4E4F            	    25:                 trap #15 							; handles system functions
                            	    26:                 ;
                            	    27:                 ;		Write Hello world by writing straight to text memory
                            	    28:                 ;		do it 32 times from the screen top.
                            	    29:                 ;
00:0001000E 41F9FECA0000    	    30:                 lea.l 	$FECA0000,a0 				; screen text memory here
00:00010014 303C0020        	    31:                 move.w 	#32,d0 						; do it 32 times.
00:00010018 43FA0026        	    32: repeatmessage:  lea.l 	greet,a1 					; message here
                            	    33: copymessage:
00:0001001C 10D9            	    34: 				move.b 	(a1)+,(a0)+ 				; copy byte over.
00:0001001E 4A51            	    35: 				tst 	(a1) 						; is it zero.
00:00010020 66FA            	    36: 				bne 	copymessage 				; do until trailing 0 found.
00:00010022 56C8FFF4        	    37: 				dbne 	d0,repeatmessage 			; do it again !
                            	    38: 				;
                            	    39: 				; 		Exit the program.
                            	    40: 				;
                            	    41: 
00:00010026 41F9FEC80000    	    42: 				lea 	vicky3,a0 					; start register writes
00:0001002C 20BC0000000F    	    43: 				move.l 	#$0000000F,(a0) 			; graphics mode & bitmap on, text overlay on.
                            	    44: 
00:00010032 21FC00000004FFF8	    45: 				move.l 	#4,$FFFFFFF8
                            	    46: 				
00:0001003A 7000            	    47: done:           clr.l d0                            ; sys_exit
00:0001003C 7200            	    48:                 clr.l d1                            ; Return value = 0
00:0001003E 4E4F            	    49:                 trap #15
                            	    50: 
00:00010040 48656C6C6F2C2077	    51: greet:          dc.b "Hello, world!"
00:00010048 6F726C6421
00:0001004D 00              	    52: greet_end:      dc.b 0
                            	    53: 
                            	    54: 


Symbols by name:
copymessage                      A:0001001C
done                             A:0001003A
greet                            A:00010040
greet_end                        A:0001004D
repeatmessage                    A:00010018
start                            A:00010000
vicky3                           E:FEC80000

Symbols by value:
FEC80000 vicky3
00010000 start
00010018 repeatmessage
0001001C copymessage
0001003A done
00010040 greet
0001004D greet_end
